<?xml version="1.0" encoding="UTF-8"?>
<coverage generated="1778593050013" clover="3.2.0">
  <project timestamp="1778593050013" name="All files">
    <metrics statements="17" coveredstatements="15" conditionals="4" coveredconditionals="3" methods="7" coveredmethods="6" elements="28" coveredelements="24" complexity="0" loc="17" ncloc="17" packages="2" files="2" classes="2"/>
    <package name="praktikum-tugas4-devops-testing">
      <metrics statements="10" coveredstatements="8" conditionals="2" coveredconditionals="1" methods="3" coveredmethods="2"/>
      <file name="index.js" path="C:\Users\Musa Okta\praktikum-tugas4-devops-testing\index.js">
        <metrics statements="10" coveredstatements="8" conditionals="2" coveredconditionals="1" methods="3" coveredmethods="2"/>
        <line num="1" count="1" type="stmt"/>
        <line num="3" count="1" type="stmt"/>
        <line num="5" count="1" type="stmt"/>
        <line num="6" count="1" type="stmt"/>
        <line num="9" count="1" type="stmt"/>
        <line num="10" count="1" type="stmt"/>
        <line num="16" count="1" type="cond" truecount="1" falsecount="1"/>
        <line num="17" count="0" type="stmt"/>
        <line num="18" count="0" type="stmt"/>
        <line num="22" count="1" type="stmt"/>
      </file>
    </package>
    <package name="praktikum-tugas4-devops-testing.src">
      <metrics statements="7" coveredstatements="7" conditionals="2" coveredconditionals="2" methods="4" coveredmethods="4"/>
      <file name="math.js" path="C:\Users\Musa Okta\praktikum-tugas4-devops-testing\src\math.js">
        <metrics statements="7" coveredstatements="7" conditionals="2" coveredconditionals="2" methods="4" coveredmethods="4"/>
        <line num="2" count="1" type="stmt"/>
        <line num="6" count="1" type="stmt"/>
        <line num="10" count="1" type="stmt"/>
        <line num="14" count="2" type="cond" truecount="2" falsecount="0"/>
        <line num="15" count="1" type="stmt"/>
        <line num="18" count="1" type="stmt"/>
        <line num="21" count="1" type="stmt"/>
      </file>
    </package>
  </project>
</coverage>
